<?xml version="1.0" encoding="UTF-8"?>
<testsuite name="LibraryTest" tests="1" skipped="0" failures="0" errors="0" timestamp="2015-05-27T19:27:08" hostname="STFPOAC023545-W" time="0.064">
  <properties/>
  <testcase name="someLibraryMethod returns true" classname="LibraryTest" time="0.064"/>
  <system-out><![CDATA[]]></system-out>
  <system-err><![CDATA[]]></system-err>
</testsuite>
